<?xml version="1.0" encoding="UTF-8"?>
<testsuite xmlns:xsi="http://www.w3.org/2001/XMLSchema-instance" xsi:noNamespaceSchemaLocation="https://maven.apache.org/surefire/maven-surefire-plugin/xsd/surefire-test-report-3.0.xsd" version="3.0" name="TestSuite" time="85.568" tests="7" errors="0" skipped="0" failures="4">
  <properties>
[...]
</properties>
  <testcase name="LoginTest" classname="com.inetBanking.testCases.TC_LoginTest_001" time="8.745">
    <failure message="expected [true] but found [false]" type="java.lang.AssertionError"><![CDATA[java.lang.AssertionError: expected [true] but found [false]
	at com.inetBanking.testCases.TC_LoginTest_001.LoginTest(TC_LoginTest_001.java:31)
]]></failure>
    <system-out><![CDATA[[TestNGContentHandler] [WARN] It is strongly recommended to add "<!DOCTYPE suite SYSTEM "http://testng.org/testng-1.0.dtd" >" at the top of your file, otherwise TestNG may fail or not work as expected.
 INFO [main] (TC_LoginTest_001.java:15)- Url is opend
 INFO [main] (TC_LoginTest_001.java:19)- Entered Username
 INFO [main] (TC_LoginTest_001.java:21)- Entered password
 INFO [main] (TC_LoginTest_001.java:23)- Clicked on login button
]]></system-out>
    <system-err><![CDATA[Starting ChromeDriver 83.0.4103.39 (ccbf011cb2d2b19b506d844400483861342c20cd-refs/branch-heads/4103@{#416}) on port 15478
Only local connections are allowed.
Please see https://chromedriver.chromium.org/security-considerations for suggestions on keeping ChromeDriver safe.
ChromeDriver was started successfully.
[1598896088.386][WARNING]: This version of ChromeDriver has not been tested with Chrome version 84.
Aug 31, 2020 11:18:10 PM org.openqa.selenium.remote.ProtocolHandshake createSession
INFO: Detected dialect: W3C
]]></system-err>
  </testcase>
  <testcase name="LoginDDT[mngr281004, rasApAd](1)" classname="com.inetBanking.testCases.TC_LoginDDT_002" time="17.08">
    <system-out><![CDATA[ INFO [main] (TC_LoginDDT_002.java:34)- Login passed
]]></system-out>
    <system-err><![CDATA[Starting ChromeDriver 83.0.4103.39 (ccbf011cb2d2b19b506d844400483861342c20cd-refs/branch-heads/4103@{#416}) on port 39955
Only local connections are allowed.
Please see https://chromedriver.chromium.org/security-considerations for suggestions on keeping ChromeDriver safe.
ChromeDriver was started successfully.
[1598896104.748][WARNING]: This version of ChromeDriver has not been tested with Chrome version 84.
Aug 31, 2020 11:18:26 PM org.openqa.selenium.remote.ProtocolHandshake createSession
INFO: Detected dialect: W3C
]]></system-err>
  </testcase>
  <testcase name="LoginDDT[mngr281114, rasApAd](2)" classname="com.inetBanking.testCases.TC_LoginDDT_002" time="6.169">
    <failure message="expected [true] but found [false]" type="java.lang.AssertionError"><![CDATA[java.lang.AssertionError: expected [true] but found [false]
	at com.inetBanking.testCases.TC_LoginDDT_002.LoginDDT(TC_LoginDDT_002.java:28)
]]></failure>
  </testcase>
  <testcase name="LoginDDT[mngr281004, rasApAd](3)" classname="com.inetBanking.testCases.TC_LoginDDT_002" time="11.463">
    <system-out><![CDATA[ INFO [main] (TC_LoginDDT_002.java:34)- Login passed
]]></system-out>
  </testcase>
  <testcase name="LoginDDT[mngr281344, rasApAd](4)" classname="com.inetBanking.testCases.TC_LoginDDT_002" time="6.699">
    <failure message="expected [true] but found [false]" type="java.lang.AssertionError"><![CDATA[java.lang.AssertionError: expected [true] but found [false]
	at com.inetBanking.testCases.TC_LoginDDT_002.LoginDDT(TC_LoginDDT_002.java:28)
]]></failure>
  </testcase>
  <testcase name="LoginDDT[mngr281004, rasApAd](5)" classname="com.inetBanking.testCases.TC_LoginDDT_002" time="11.237">
    <system-out><![CDATA[ INFO [main] (TC_LoginDDT_002.java:34)- Login passed
]]></system-out>
  </testcase>
  <testcase name="LoginDDT[null, null](6)" classname="com.inetBanking.testCases.TC_LoginDDT_002" time="0.023">
    <failure message="Keys to send should be a not null CharSequence" type="java.lang.IllegalArgumentException"><![CDATA[java.lang.IllegalArgumentException: Keys to send should be a not null CharSequence
	at com.inetBanking.testCases.TC_LoginDDT_002.LoginDDT(TC_LoginDDT_002.java:18)
]]></failure>
  </testcase>
</testsuite>